<?xml version="1.0" encoding="UTF-8"?>
<coverage generated="1673190497960" clover="3.2.0">
  <project timestamp="1673190497960" name="All files">
    <metrics statements="11" coveredstatements="6" conditionals="2" coveredconditionals="0" methods="3" coveredmethods="1" elements="16" coveredelements="7" complexity="0" loc="11" ncloc="11" packages="1" files="1" classes="1"/>
    <file name="server.ts" path="/Users/julia/Documents/WEB/NODEJS/simple-crud/src/app/server.ts">
      <metrics statements="11" coveredstatements="6" conditionals="2" coveredconditionals="0" methods="3" coveredmethods="1"/>
      <line num="1" count="1" type="stmt"/>
      <line num="3" count="1" type="stmt"/>
      <line num="6" count="1" type="stmt"/>
      <line num="7" count="1" type="stmt"/>
      <line num="8" count="0" type="cond" truecount="0" falsecount="2"/>
      <line num="9" count="0" type="stmt"/>
      <line num="10" count="0" type="stmt"/>
      <line num="13" count="1" type="stmt"/>
      <line num="14" count="1" type="stmt"/>
      <line num="15" count="0" type="stmt"/>
      <line num="16" count="0" type="stmt"/>
    </file>
  </project>
</coverage>
