{"/Users/julia/Documents/WEB/NODEJS/simple-crud/src/app/server.ts": {"path":"/Users/julia/Documents/WEB/NODEJS/simple-crud/src/app/server.ts","statementMap":{"0":{"start":{"line":1,"column":0},"end":{"line":1,"column":29}},"1":{"start":{"line":3,"column":0},"end":{"line":3,"column":34}},"2":{"start":{"line":6,"column":32},"end":{"line":6,"column":34}},"3":{"start":{"line":7,"column":20},"end":{"line":11,"column":3}},"4":{"start":{"line":8,"column":21},"end":{"line":8,"column":44}},"5":{"start":{"line":9,"column":27},"end":{"line":9,"column":54}},"6":{"start":{"line":10,"column":4},"end":{"line":10,"column":18}},"7":{"start":{"line":13,"column":24},"end":{"line":18,"column":3}},"8":{"start":{"line":14,"column":4},"end":{"line":17,"column":null}},"9":{"start":{"line":15,"column":19},"end":{"line":15,"column":37}},"10":{"start":{"line":16,"column":4},"end":{"line":16,"column":null}},"11":{"start":{"line":13,"column":15},"end":{"line":13,"column":24}}},"fnMap":{"0":{"name":"(anonymous_6)","decl":{"start":{"line":7,"column":20},"end":{"line":7,"column":21}},"loc":{"start":{"line":7,"column":48},"end":{"line":11,"column":3}}},"1":{"name":"(anonymous_7)","decl":{"start":{"line":13,"column":24},"end":{"line":13,"column":40}},"loc":{"start":{"line":13,"column":42},"end":{"line":18,"column":3}}},"2":{"name":"(anonymous_8)","decl":{"start":{"line":14,"column":29},"end":{"line":14,"column":30}},"loc":{"start":{"line":14,"column":85},"end":{"line":17,"column":3}}}},"branchMap":{"0":{"loc":{"start":{"line":8,"column":21},"end":{"line":8,"column":44}},"type":"cond-expr","locations":[{"start":{"line":8,"column":26},"end":{"line":8,"column":40}},{"start":{"line":8,"column":42},"end":{"line":8,"column":44}}]}},"s":{"0":1,"1":1,"2":1,"3":1,"4":0,"5":0,"6":0,"7":1,"8":1,"9":0,"10":0,"11":1},"f":{"0":0,"1":1,"2":0},"b":{"0":[0,0]}}
}
